This file contains any messages produced by compilers while
running configure, to aid debugging if configure makes a mistake.

It was created by configure, which was
generated by GNU Autoconf 2.63.  Invocation command line was

  $ ./configure --enable-maintainer-mode --target=arm-linux --host=arm-linux --prefix=/ --exec-prefix=/ --bindir=/bin --sbindir=/sbin --libdir=/lib --libexecdir=/lib --sysconfdir=/etc --datadir=/share --localstatedir=/var --includedir=/include --mandir=/man --infodir=/usr/info --with-gfxdrivers=orion --with-inputdrivers=linuxinput --enable-jpeg --enable-png --enable-zlib --enable-freetype --disable-sysfs --disable-sdl --disable-video4linux --disable-video4linux2 --disable-fusion

## --------- ##
## Platform. ##
## --------- ##

hostname = kbkubuntu
uname -m = x86_64
uname -r = 2.6.28-11-generic
uname -s = Linux
uname -v = #42-Ubuntu SMP Fri Apr 17 01:58:03 UTC 2009

/usr/bin/uname -p = unknown
/bin/uname -X     = unknown

/bin/arch              = unknown
/usr/bin/arch -k       = unknown
/usr/convex/getsysinfo = unknown
/usr/bin/hostinfo      = unknown
/bin/machine           = unknown
/usr/bin/oslevel       = unknown
/bin/universe          = unknown

PATH: /opt/crosstool/gcc-3.4.6-glibc-2.3.6/arm-linux/bin
PATH: /usr/local/sbin
PATH: /usr/local/bin
PATH: /usr/sbin
PATH: /usr/bin
PATH: /sbin
PATH: /bin
PATH: /usr/games


## ----------- ##
## Core tests. ##
## ----------- ##

configure:2380: checking build system type
configure:2398: result: x86_64-unknown-linux-gnu
configure:2420: checking host system type
configure:2435: result: arm-unknown-linux-gnu
configure:2457: checking target system type
configure:2472: result: arm-unknown-linux-gnu
configure:2517: checking for a BSD-compatible install
configure:2585: result: /usr/bin/install -c
configure:2596: checking whether build environment is sane
configure:2639: result: yes
configure:2664: checking for a thread-safe mkdir -p
configure:2703: result: /bin/mkdir -p
configure:2716: checking for gawk
configure:2746: result: no
configure:2716: checking for mawk
configure:2732: found /usr/bin/mawk
configure:2743: result: mawk
configure:2754: checking whether make sets $(MAKE)
configure:2776: result: yes
configure:2847: checking for arm-linux-strip
configure:2863: found /opt/crosstool/gcc-3.4.6-glibc-2.3.6/arm-linux/bin/arm-linux-strip
configure:2874: result: arm-linux-strip
configure:2955: checking whether to enable maintainer-specific portions of Makefiles
configure:2964: result: yes
configure:3032: checking for arm-linux-gcc
configure:3048: found /opt/crosstool/gcc-3.4.6-glibc-2.3.6/arm-linux/bin/arm-linux-gcc
configure:3059: result: arm-linux-gcc
configure:3331: checking for C compiler version
configure:3339: arm-linux-gcc --version >&5
arm-linux-gcc (GCC) 3.4.6
Copyright (C) 2006 Free Software Foundation, Inc.
This is free software; see the source for copying conditions.  There is NO
warranty; not even for MERCHANTABILITY or FITNESS FOR A PARTICULAR PURPOSE.

configure:3343: $? = 0
configure:3350: arm-linux-gcc -v >&5
Reading specs from /opt/crosstool/gcc-3.4.6-glibc-2.3.6/arm-linux/lib/gcc/arm-linux/3.4.6/specs
Configured with: /home/bztu/crosstool-0.43/build/arm-linux/gcc-3.4.6-glibc-2.3.6/gcc-3.4.6/configure --target=arm-linux --host=i686-host_pc-linux-gnu --prefix=/opt/crosstool/gcc-3.4.6-glibc-2.3.6/arm-linux --with-cpu=arm9tdmi --enable-cxx-flags=-mcpu=arm9tdmi --with-headers=/opt/crosstool/gcc-3.4.6-glibc-2.3.6/arm-linux/arm-linux/include --with-local-prefix=/opt/crosstool/gcc-3.4.6-glibc-2.3.6/arm-linux/arm-linux --disable-nls --enable-threads=posix --enable-symvers=gnu --enable-__cxa_atexit --enable-languages=c,c++ --enable-shared --enable-c99 --enable-long-long
Thread model: posix
gcc version 3.4.6
configure:3354: $? = 0
configure:3361: arm-linux-gcc -V >&5
arm-linux-gcc: `-V' option must have argument
configure:3365: $? = 1
configure:3388: checking for C compiler default output file name
configure:3410: arm-linux-gcc -I/home/kb/project/hddG/csm1201/Work/GoldBox/open_sources/inc  -L/home/kb/project/hddG/csm1201/Work/GoldBox/open_sources/libs conftest.c  >&5
configure:3414: $? = 0
configure:3452: result: a.out
configure:3471: checking whether the C compiler works
configure:3481: ./a.out
./configure: line 3483: ./a.out: cannot execute binary file
configure:3485: $? = 126
configure:3504: result: yes
configure:3511: checking whether we are cross compiling
configure:3513: result: yes
configure:3516: checking for suffix of executables
configure:3523: arm-linux-gcc -o conftest -I/home/kb/project/hddG/csm1201/Work/GoldBox/open_sources/inc  -L/home/kb/project/hddG/csm1201/Work/GoldBox/open_sources/libs conftest.c  >&5
configure:3527: $? = 0
configure:3553: result: 
configure:3559: checking for suffix of object files
configure:3585: arm-linux-gcc -c -I/home/kb/project/hddG/csm1201/Work/GoldBox/open_sources/inc  conftest.c >&5
configure:3589: $? = 0
configure:3614: result: o
configure:3618: checking whether we are using the GNU C compiler
configure:3647: arm-linux-gcc -c -I/home/kb/project/hddG/csm1201/Work/GoldBox/open_sources/inc  conftest.c >&5
configure:3654: $? = 0
configure:3671: result: yes
configure:3680: checking whether arm-linux-gcc accepts -g
configure:3710: arm-linux-gcc -c -g  conftest.c >&5
configure:3717: $? = 0
configure:3818: result: yes
configure:3835: checking for arm-linux-gcc option to accept ISO C89
configure:3909: arm-linux-gcc  -c -I/home/kb/project/hddG/csm1201/Work/GoldBox/open_sources/inc  conftest.c >&5
configure:3916: $? = 0
configure:3939: result: none needed
configure:3968: checking for style of include used by make
configure:3996: result: GNU
configure:4021: checking dependency style of arm-linux-gcc
configure:4112: result: gcc3
configure:4136: checking dependency style of arm-linux-gcc
configure:4227: result: gcc3
configure:4267: checking for a sed that does not truncate output
configure:4333: result: /bin/sed
configure:4351: checking for grep that handles long lines and -e
configure:4411: result: /bin/grep
configure:4416: checking for egrep
configure:4480: result: /bin/grep -E
configure:4485: checking for fgrep
configure:4549: result: /bin/grep -F
configure:4584: checking for ld used by arm-linux-gcc
configure:4651: result: /opt/crosstool/gcc-3.4.6-glibc-2.3.6/arm-linux/arm-linux/bin/ld
configure:4660: checking if the linker (/opt/crosstool/gcc-3.4.6-glibc-2.3.6/arm-linux/arm-linux/bin/ld) is GNU ld
configure:4675: result: yes
configure:4687: checking for BSD- or MS-compatible name lister (nm)
configure:4736: result: /opt/crosstool/gcc-3.4.6-glibc-2.3.6/arm-linux/bin/arm-linux-nm -B
configure:4854: checking the name lister (/opt/crosstool/gcc-3.4.6-glibc-2.3.6/arm-linux/bin/arm-linux-nm -B) interface
configure:4861: arm-linux-gcc -c -I/home/kb/project/hddG/csm1201/Work/GoldBox/open_sources/inc  conftest.c >&5
configure:4864: /opt/crosstool/gcc-3.4.6-glibc-2.3.6/arm-linux/bin/arm-linux-nm -B "conftest.o"
configure:4867: output
00000000 B some_variable
configure:4874: result: BSD nm
configure:4877: checking whether ln -s works
configure:4881: result: yes
configure:4889: checking the maximum length of command line arguments
configure:5009: result: 3458764513820540925
configure:5026: checking whether the shell understands some XSI constructs
configure:5036: result: yes
configure:5040: checking whether the shell understands "+="
configure:5046: result: yes
configure:5081: checking for /opt/crosstool/gcc-3.4.6-glibc-2.3.6/arm-linux/arm-linux/bin/ld option to reload object files
configure:5088: result: -r
configure:5117: checking for arm-linux-objdump
configure:5133: found /opt/crosstool/gcc-3.4.6-glibc-2.3.6/arm-linux/bin/arm-linux-objdump
configure:5144: result: arm-linux-objdump
configure:5216: checking how to recognize dependent libraries
configure:5412: result: pass_all
configure:5432: checking for arm-linux-ar
configure:5448: found /opt/crosstool/gcc-3.4.6-glibc-2.3.6/arm-linux/bin/arm-linux-ar
configure:5459: result: arm-linux-ar
configure:5537: checking for arm-linux-strip
configure:5564: result: arm-linux-strip
configure:5636: checking for arm-linux-ranlib
configure:5652: found /opt/crosstool/gcc-3.4.6-glibc-2.3.6/arm-linux/bin/arm-linux-ranlib
configure:5663: result: arm-linux-ranlib
configure:5793: checking command to parse /opt/crosstool/gcc-3.4.6-glibc-2.3.6/arm-linux/bin/arm-linux-nm -B output from arm-linux-gcc object
configure:5911: arm-linux-gcc -c -I/home/kb/project/hddG/csm1201/Work/GoldBox/open_sources/inc  conftest.c >&5
configure:5914: $? = 0
configure:5918: /opt/crosstool/gcc-3.4.6-glibc-2.3.6/arm-linux/bin/arm-linux-nm -B conftest.o \| sed -n -e 's/^.*[	 ]\([ABCDGIRSTW][ABCDGIRSTW]*\)[	 ][	 ]*\([_A-Za-z][_A-Za-z0-9]*\)$/\1 \2 \2/p' \> conftest.nm
configure:5921: $? = 0
configure:5975: arm-linux-gcc -o conftest -I/home/kb/project/hddG/csm1201/Work/GoldBox/open_sources/inc  -L/home/kb/project/hddG/csm1201/Work/GoldBox/open_sources/libs conftest.c conftstm.o >&5
configure:5978: $? = 0
configure:6016: result: ok
configure:6883: checking how to run the C preprocessor
configure:6923: arm-linux-gcc -E  conftest.c
configure:6930: $? = 0
configure:6961: arm-linux-gcc -E  conftest.c
conftest.c:9:28: ac_nonexistent.h: No such file or directory
configure:6968: $? = 1
configure: failed program was:
| /* confdefs.h.  */
| #define PACKAGE_NAME ""
| #define PACKAGE_TARNAME ""
| #define PACKAGE_VERSION ""
| #define PACKAGE_STRING ""
| #define PACKAGE_BUGREPORT ""
| #define DIRECTFB_VERSION "1.0.0"
| /* end confdefs.h.  */
| #include <ac_nonexistent.h>
configure:7001: result: arm-linux-gcc -E
configure:7030: arm-linux-gcc -E  conftest.c
configure:7037: $? = 0
configure:7068: arm-linux-gcc -E  conftest.c
conftest.c:9:28: ac_nonexistent.h: No such file or directory
configure:7075: $? = 1
configure: failed program was:
| /* confdefs.h.  */
| #define PACKAGE_NAME ""
| #define PACKAGE_TARNAME ""
| #define PACKAGE_VERSION ""
| #define PACKAGE_STRING ""
| #define PACKAGE_BUGREPORT ""
| #define DIRECTFB_VERSION "1.0.0"
| /* end confdefs.h.  */
| #include <ac_nonexistent.h>
configure:7115: checking for ANSI C header files
configure:7145: arm-linux-gcc -c -I/home/kb/project/hddG/csm1201/Work/GoldBox/open_sources/inc  conftest.c >&5
configure:7152: $? = 0
configure:7283: result: yes
configure:7307: checking for sys/types.h
configure:7328: arm-linux-gcc -c -I/home/kb/project/hddG/csm1201/Work/GoldBox/open_sources/inc  conftest.c >&5
configure:7335: $? = 0
configure:7352: result: yes
configure:7307: checking for sys/stat.h
configure:7328: arm-linux-gcc -c -I/home/kb/project/hddG/csm1201/Work/GoldBox/open_sources/inc  conftest.c >&5
configure:7335: $? = 0
configure:7352: result: yes
configure:7307: checking for stdlib.h
configure:7328: arm-linux-gcc -c -I/home/kb/project/hddG/csm1201/Work/GoldBox/open_sources/inc  conftest.c >&5
configure:7335: $? = 0
configure:7352: result: yes
configure:7307: checking for string.h
configure:7328: arm-linux-gcc -c -I/home/kb/project/hddG/csm1201/Work/GoldBox/open_sources/inc  conftest.c >&5
configure:7335: $? = 0
configure:7352: result: yes
configure:7307: checking for memory.h
configure:7328: arm-linux-gcc -c -I/home/kb/project/hddG/csm1201/Work/GoldBox/open_sources/inc  conftest.c >&5
configure:7335: $? = 0
configure:7352: result: yes
configure:7307: checking for strings.h
configure:7328: arm-linux-gcc -c -I/home/kb/project/hddG/csm1201/Work/GoldBox/open_sources/inc  conftest.c >&5
configure:7335: $? = 0
configure:7352: result: yes
configure:7307: checking for inttypes.h
configure:7328: arm-linux-gcc -c -I/home/kb/project/hddG/csm1201/Work/GoldBox/open_sources/inc  conftest.c >&5
configure:7335: $? = 0
configure:7352: result: yes
configure:7307: checking for stdint.h
configure:7328: arm-linux-gcc -c -I/home/kb/project/hddG/csm1201/Work/GoldBox/open_sources/inc  conftest.c >&5
configure:7335: $? = 0
configure:7352: result: yes
configure:7307: checking for unistd.h
configure:7328: arm-linux-gcc -c -I/home/kb/project/hddG/csm1201/Work/GoldBox/open_sources/inc  conftest.c >&5
configure:7335: $? = 0
configure:7352: result: yes
configure:7370: checking for dlfcn.h
configure:7391: arm-linux-gcc -c -I/home/kb/project/hddG/csm1201/Work/GoldBox/open_sources/inc  conftest.c >&5
configure:7398: $? = 0
configure:7415: result: yes
configure:7571: checking for objdir
configure:7586: result: .libs
configure:7878: checking if arm-linux-gcc supports -fno-rtti -fno-exceptions
configure:7896: arm-linux-gcc -c -I/home/kb/project/hddG/csm1201/Work/GoldBox/open_sources/inc  -fno-rtti -fno-exceptions conftest.c >&5
cc1: warning: command line option "-fno-rtti" is valid for C++/ObjC++ but not for C
configure:7900: $? = 0
configure:7913: result: no
configure:7933: checking for arm-linux-gcc option to produce PIC
configure:8205: result: -fPIC -DPIC
configure:8217: checking if arm-linux-gcc PIC flag -fPIC -DPIC works
configure:8235: arm-linux-gcc -c -I/home/kb/project/hddG/csm1201/Work/GoldBox/open_sources/inc  -fPIC -DPIC -DPIC conftest.c >&5
configure:8239: $? = 0
configure:8252: result: yes
configure:8276: checking if arm-linux-gcc static flag -static works
configure:8304: result: yes
configure:8319: checking if arm-linux-gcc supports -c -o file.o
configure:8340: arm-linux-gcc -c -I/home/kb/project/hddG/csm1201/Work/GoldBox/open_sources/inc  -o out/conftest2.o conftest.c >&5
configure:8344: $? = 0
configure:8366: result: yes
configure:8374: checking if arm-linux-gcc supports -c -o file.o
configure:8421: result: yes
configure:8454: checking whether the arm-linux-gcc linker (/opt/crosstool/gcc-3.4.6-glibc-2.3.6/arm-linux/arm-linux/bin/ld) supports shared libraries
configure:9529: result: yes
configure:9566: checking whether -lc should be explicitly linked in
configure:9571: arm-linux-gcc -c -I/home/kb/project/hddG/csm1201/Work/GoldBox/open_sources/inc  conftest.c >&5
configure:9574: $? = 0
configure:9589: arm-linux-gcc -shared conftest.o  -v -Wl,-soname -Wl,conftest -o conftest 2\>\&1 \| /bin/grep  -lc  \>/dev/null 2\>\&1
configure:9592: $? = 0
configure:9604: result: no
configure:9768: checking dynamic linker characteristics
configure:10211: arm-linux-gcc -o conftest -I/home/kb/project/hddG/csm1201/Work/GoldBox/open_sources/inc  -L/home/kb/project/hddG/csm1201/Work/GoldBox/open_sources/libs -Wl,-rpath -Wl,/foo conftest.c  >&5
configure:10218: $? = 0
configure:10463: result: GNU/Linux ld.so
configure:10565: checking how to hardcode library paths into programs
configure:10590: result: immediate
configure:11423: checking whether stripping libraries is possible
configure:11428: result: yes
configure:11463: checking if libtool supports shared libraries
configure:11465: result: yes
configure:11468: checking whether to build shared libraries
configure:11489: result: yes
configure:11492: checking whether to build static libraries
configure:11496: result: no
configure:11531: checking whether build environment is sane
configure:11574: result: yes
configure:11576: checking for library containing strerror
configure:11617: arm-linux-gcc -o conftest -I/home/kb/project/hddG/csm1201/Work/GoldBox/open_sources/inc  -L/home/kb/project/hddG/csm1201/Work/GoldBox/open_sources/libs conftest.c  >&5
configure:11624: $? = 0
configure:11655: result: none required
configure:11677: checking for a BSD-compatible install
configure:11745: result: /usr/bin/install -c
configure:11756: checking whether make sets $(MAKE)
configure:11778: result: yes
configure:11787: checking for ANSI C header files
configure:11955: result: yes
configure:11966: checking whether byte ordering is bigendian
configure:11991: arm-linux-gcc -c -I/home/kb/project/hddG/csm1201/Work/GoldBox/open_sources/inc  conftest.c >&5
conftest.c:23: error: syntax error before "a"
conftest.c:25: error: syntax error before "typedef"
configure:11998: $? = 1
configure: failed program was:
| /* confdefs.h.  */
| #define PACKAGE_NAME ""
| #define PACKAGE_TARNAME ""
| #define PACKAGE_VERSION ""
| #define PACKAGE_STRING ""
| #define PACKAGE_BUGREPORT ""
| #define DIRECTFB_VERSION "1.0.0"
| #define STDC_HEADERS 1
| #define HAVE_SYS_TYPES_H 1
| #define HAVE_SYS_STAT_H 1
| #define HAVE_STDLIB_H 1
| #define HAVE_STRING_H 1
| #define HAVE_MEMORY_H 1
| #define HAVE_STRINGS_H 1
| #define HAVE_INTTYPES_H 1
| #define HAVE_STDINT_H 1
| #define HAVE_UNISTD_H 1
| #define HAVE_DLFCN_H 1
| #define LT_OBJDIR ".libs/"
| #define STDC_HEADERS 1
| /* end confdefs.h.  */
| #ifndef __APPLE_CC__
| 	       not a universal capable compiler
| 	     #endif
| 	     typedef int dummy;
| 
configure:12048: arm-linux-gcc -c -I/home/kb/project/hddG/csm1201/Work/GoldBox/open_sources/inc  conftest.c >&5
configure:12055: $? = 0
configure:12087: arm-linux-gcc -c -I/home/kb/project/hddG/csm1201/Work/GoldBox/open_sources/inc  conftest.c >&5
conftest.c: In function `main':
conftest.c:29: error: `not' undeclared (first use in this function)
conftest.c:29: error: (Each undeclared identifier is reported only once
conftest.c:29: error: for each function it appears in.)
conftest.c:29: error: syntax error before "big"
configure:12094: $? = 1
configure: failed program was:
| /* confdefs.h.  */
| #define PACKAGE_NAME ""
| #define PACKAGE_TARNAME ""
| #define PACKAGE_VERSION ""
| #define PACKAGE_STRING ""
| #define PACKAGE_BUGREPORT ""
| #define DIRECTFB_VERSION "1.0.0"
| #define STDC_HEADERS 1
| #define HAVE_SYS_TYPES_H 1
| #define HAVE_SYS_STAT_H 1
| #define HAVE_STDLIB_H 1
| #define HAVE_STRING_H 1
| #define HAVE_MEMORY_H 1
| #define HAVE_STRINGS_H 1
| #define HAVE_INTTYPES_H 1
| #define HAVE_STDINT_H 1
| #define HAVE_UNISTD_H 1
| #define HAVE_DLFCN_H 1
| #define LT_OBJDIR ".libs/"
| #define STDC_HEADERS 1
| /* end confdefs.h.  */
| #include <sys/types.h>
| 		#include <sys/param.h>
| 
| int
| main ()
| {
| #if BYTE_ORDER != BIG_ENDIAN
| 		 not big endian
| 		#endif
| 
|   ;
|   return 0;
| }
configure:12346: result: no
configure:12376: checking size of int
configure:12406: arm-linux-gcc -c -I/home/kb/project/hddG/csm1201/Work/GoldBox/open_sources/inc  conftest.c >&5
configure:12413: $? = 0
configure:12443: arm-linux-gcc -c -I/home/kb/project/hddG/csm1201/Work/GoldBox/open_sources/inc  conftest.c >&5
conftest.c: In function `main':
conftest.c:58: error: size of array `test_array' is negative
configure:12450: $? = 1
configure: failed program was:
| /* confdefs.h.  */
| #define PACKAGE_NAME ""
| #define PACKAGE_TARNAME ""
| #define PACKAGE_VERSION ""
| #define PACKAGE_STRING ""
| #define PACKAGE_BUGREPORT ""
| #define DIRECTFB_VERSION "1.0.0"
| #define STDC_HEADERS 1
| #define HAVE_SYS_TYPES_H 1
| #define HAVE_SYS_STAT_H 1
| #define HAVE_STDLIB_H 1
| #define HAVE_STRING_H 1
| #define HAVE_MEMORY_H 1
| #define HAVE_STRINGS_H 1
| #define HAVE_INTTYPES_H 1
| #define HAVE_STDINT_H 1
| #define HAVE_UNISTD_H 1
| #define HAVE_DLFCN_H 1
| #define LT_OBJDIR ".libs/"
| #define STDC_HEADERS 1
| /* end confdefs.h.  */
| #include <stdio.h>
| #ifdef HAVE_SYS_TYPES_H
| # include <sys/types.h>
| #endif
| #ifdef HAVE_SYS_STAT_H
| # include <sys/stat.h>
| #endif
| #ifdef STDC_HEADERS
| # include <stdlib.h>
| # include <stddef.h>
| #else
| # ifdef HAVE_STDLIB_H
| #  include <stdlib.h>
| # endif
| #endif
| #ifdef HAVE_STRING_H
| # if !defined STDC_HEADERS && defined HAVE_MEMORY_H
| #  include <memory.h>
| # endif
| # include <string.h>
| #endif
| #ifdef HAVE_STRINGS_H
| # include <strings.h>
| #endif
| #ifdef HAVE_INTTYPES_H
| # include <inttypes.h>
| #endif
| #ifdef HAVE_STDINT_H
| # include <stdint.h>
| #endif
| #ifdef HAVE_UNISTD_H
| # include <unistd.h>
| #endif
| int
| main ()
| {
| static int test_array [1 - 2 * !(((long int) (sizeof (int))) <= 0)];
| test_array [0] = 0
| 
|   ;
|   return 0;
| }
configure:12443: arm-linux-gcc -c -I/home/kb/project/hddG/csm1201/Work/GoldBox/open_sources/inc  conftest.c >&5
conftest.c: In function `main':
conftest.c:58: error: size of array `test_array' is negative
configure:12450: $? = 1
configure: failed program was:
| /* confdefs.h.  */
| #define PACKAGE_NAME ""
| #define PACKAGE_TARNAME ""
| #define PACKAGE_VERSION ""
| #define PACKAGE_STRING ""
| #define PACKAGE_BUGREPORT ""
| #define DIRECTFB_VERSION "1.0.0"
| #define STDC_HEADERS 1
| #define HAVE_SYS_TYPES_H 1
| #define HAVE_SYS_STAT_H 1
| #define HAVE_STDLIB_H 1
| #define HAVE_STRING_H 1
| #define HAVE_MEMORY_H 1
| #define HAVE_STRINGS_H 1
| #define HAVE_INTTYPES_H 1
| #define HAVE_STDINT_H 1
| #define HAVE_UNISTD_H 1
| #define HAVE_DLFCN_H 1
| #define LT_OBJDIR ".libs/"
| #define STDC_HEADERS 1
| /* end confdefs.h.  */
| #include <stdio.h>
| #ifdef HAVE_SYS_TYPES_H
| # include <sys/types.h>
| #endif
| #ifdef HAVE_SYS_STAT_H
| # include <sys/stat.h>
| #endif
| #ifdef STDC_HEADERS
| # include <stdlib.h>
| # include <stddef.h>
| #else
| # ifdef HAVE_STDLIB_H
| #  include <stdlib.h>
| # endif
| #endif
| #ifdef HAVE_STRING_H
| # if !defined STDC_HEADERS && defined HAVE_MEMORY_H
| #  include <memory.h>
| # endif
| # include <string.h>
| #endif
| #ifdef HAVE_STRINGS_H
| # include <strings.h>
| #endif
| #ifdef HAVE_INTTYPES_H
| # include <inttypes.h>
| #endif
| #ifdef HAVE_STDINT_H
| # include <stdint.h>
| #endif
| #ifdef HAVE_UNISTD_H
| # include <unistd.h>
| #endif
| int
| main ()
| {
| static int test_array [1 - 2 * !(((long int) (sizeof (int))) <= 1)];
| test_array [0] = 0
| 
|   ;
|   return 0;
| }
configure:12443: arm-linux-gcc -c -I/home/kb/project/hddG/csm1201/Work/GoldBox/open_sources/inc  conftest.c >&5
conftest.c: In function `main':
conftest.c:58: error: size of array `test_array' is negative
configure:12450: $? = 1
configure: failed program was:
| /* confdefs.h.  */
| #define PACKAGE_NAME ""
| #define PACKAGE_TARNAME ""
| #define PACKAGE_VERSION ""
| #define PACKAGE_STRING ""
| #define PACKAGE_BUGREPORT ""
| #define DIRECTFB_VERSION "1.0.0"
| #define STDC_HEADERS 1
| #define HAVE_SYS_TYPES_H 1
| #define HAVE_SYS_STAT_H 1
| #define HAVE_STDLIB_H 1
| #define HAVE_STRING_H 1
| #define HAVE_MEMORY_H 1
| #define HAVE_STRINGS_H 1
| #define HAVE_INTTYPES_H 1
| #define HAVE_STDINT_H 1
| #define HAVE_UNISTD_H 1
| #define HAVE_DLFCN_H 1
| #define LT_OBJDIR ".libs/"
| #define STDC_HEADERS 1
| /* end confdefs.h.  */
| #include <stdio.h>
| #ifdef HAVE_SYS_TYPES_H
| # include <sys/types.h>
| #endif
| #ifdef HAVE_SYS_STAT_H
| # include <sys/stat.h>
| #endif
| #ifdef STDC_HEADERS
| # include <stdlib.h>
| # include <stddef.h>
| #else
| # ifdef HAVE_STDLIB_H
| #  include <stdlib.h>
| # endif
| #endif
| #ifdef HAVE_STRING_H
| # if !defined STDC_HEADERS && defined HAVE_MEMORY_H
| #  include <memory.h>
| # endif
| # include <string.h>
| #endif
| #ifdef HAVE_STRINGS_H
| # include <strings.h>
| #endif
| #ifdef HAVE_INTTYPES_H
| # include <inttypes.h>
| #endif
| #ifdef HAVE_STDINT_H
| # include <stdint.h>
| #endif
| #ifdef HAVE_UNISTD_H
| # include <unistd.h>
| #endif
| int
| main ()
| {
| static int test_array [1 - 2 * !(((long int) (sizeof (int))) <= 3)];
| test_array [0] = 0
| 
|   ;
|   return 0;
| }
configure:12443: arm-linux-gcc -c -I/home/kb/project/hddG/csm1201/Work/GoldBox/open_sources/inc  conftest.c >&5
configure:12450: $? = 0
configure:12598: arm-linux-gcc -c -I/home/kb/project/hddG/csm1201/Work/GoldBox/open_sources/inc  conftest.c >&5
configure:12605: $? = 0
configure:12598: arm-linux-gcc -c -I/home/kb/project/hddG/csm1201/Work/GoldBox/open_sources/inc  conftest.c >&5
configure:12605: $? = 0
configure:12721: result: 4
configure:12735: checking size of long
configure:12765: arm-linux-gcc -c -I/home/kb/project/hddG/csm1201/Work/GoldBox/open_sources/inc  conftest.c >&5
configure:12772: $? = 0
configure:12802: arm-linux-gcc -c -I/home/kb/project/hddG/csm1201/Work/GoldBox/open_sources/inc  conftest.c >&5
conftest.c: In function `main':
conftest.c:59: error: size of array `test_array' is negative
configure:12809: $? = 1
configure: failed program was:
| /* confdefs.h.  */
| #define PACKAGE_NAME ""
| #define PACKAGE_TARNAME ""
| #define PACKAGE_VERSION ""
| #define PACKAGE_STRING ""
| #define PACKAGE_BUGREPORT ""
| #define DIRECTFB_VERSION "1.0.0"
| #define STDC_HEADERS 1
| #define HAVE_SYS_TYPES_H 1
| #define HAVE_SYS_STAT_H 1
| #define HAVE_STDLIB_H 1
| #define HAVE_STRING_H 1
| #define HAVE_MEMORY_H 1
| #define HAVE_STRINGS_H 1
| #define HAVE_INTTYPES_H 1
| #define HAVE_STDINT_H 1
| #define HAVE_UNISTD_H 1
| #define HAVE_DLFCN_H 1
| #define LT_OBJDIR ".libs/"
| #define STDC_HEADERS 1
| #define SIZEOF_INT 4
| /* end confdefs.h.  */
| #include <stdio.h>
| #ifdef HAVE_SYS_TYPES_H
| # include <sys/types.h>
| #endif
| #ifdef HAVE_SYS_STAT_H
| # include <sys/stat.h>
| #endif
| #ifdef STDC_HEADERS
| # include <stdlib.h>
| # include <stddef.h>
| #else
| # ifdef HAVE_STDLIB_H
| #  include <stdlib.h>
| # endif
| #endif
| #ifdef HAVE_STRING_H
| # if !defined STDC_HEADERS && defined HAVE_MEMORY_H
| #  include <memory.h>
| # endif
| # include <string.h>
| #endif
| #ifdef HAVE_STRINGS_H
| # include <strings.h>
| #endif
| #ifdef HAVE_INTTYPES_H
| # include <inttypes.h>
| #endif
| #ifdef HAVE_STDINT_H
| # include <stdint.h>
| #endif
| #ifdef HAVE_UNISTD_H
| # include <unistd.h>
| #endif
| int
| main ()
| {
| static int test_array [1 - 2 * !(((long int) (sizeof (long))) <= 0)];
| test_array [0] = 0
| 
|   ;
|   return 0;
| }
configure:12802: arm-linux-gcc -c -I/home/kb/project/hddG/csm1201/Work/GoldBox/open_sources/inc  conftest.c >&5
conftest.c: In function `main':
conftest.c:59: error: size of array `test_array' is negative
configure:12809: $? = 1
configure: failed program was:
| /* confdefs.h.  */
| #define PACKAGE_NAME ""
| #define PACKAGE_TARNAME ""
| #define PACKAGE_VERSION ""
| #define PACKAGE_STRING ""
| #define PACKAGE_BUGREPORT ""
| #define DIRECTFB_VERSION "1.0.0"
| #define STDC_HEADERS 1
| #define HAVE_SYS_TYPES_H 1
| #define HAVE_SYS_STAT_H 1
| #define HAVE_STDLIB_H 1
| #define HAVE_STRING_H 1
| #define HAVE_MEMORY_H 1
| #define HAVE_STRINGS_H 1
| #define HAVE_INTTYPES_H 1
| #define HAVE_STDINT_H 1
| #define HAVE_UNISTD_H 1
| #define HAVE_DLFCN_H 1
| #define LT_OBJDIR ".libs/"
| #define STDC_HEADERS 1
| #define SIZEOF_INT 4
| /* end confdefs.h.  */
| #include <stdio.h>
| #ifdef HAVE_SYS_TYPES_H
| # include <sys/types.h>
| #endif
| #ifdef HAVE_SYS_STAT_H
| # include <sys/stat.h>
| #endif
| #ifdef STDC_HEADERS
| # include <stdlib.h>
| # include <stddef.h>
| #else
| # ifdef HAVE_STDLIB_H
| #  include <stdlib.h>
| # endif
| #endif
| #ifdef HAVE_STRING_H
| # if !defined STDC_HEADERS && defined HAVE_MEMORY_H
| #  include <memory.h>
| # endif
| # include <string.h>
| #endif
| #ifdef HAVE_STRINGS_H
| # include <strings.h>
| #endif
| #ifdef HAVE_INTTYPES_H
| # include <inttypes.h>
| #endif
| #ifdef HAVE_STDINT_H
| # include <stdint.h>
| #endif
| #ifdef HAVE_UNISTD_H
| # include <unistd.h>
| #endif
| int
| main ()
| {
| static int test_array [1 - 2 * !(((long int) (sizeof (long))) <= 1)];
| test_array [0] = 0
| 
|   ;
|   return 0;
| }
configure:12802: arm-linux-gcc -c -I/home/kb/project/hddG/csm1201/Work/GoldBox/open_sources/inc  conftest.c >&5
conftest.c: In function `main':
conftest.c:59: error: size of array `test_array' is negative
configure:12809: $? = 1
configure: failed program was:
| /* confdefs.h.  */
| #define PACKAGE_NAME ""
| #define PACKAGE_TARNAME ""
| #define PACKAGE_VERSION ""
| #define PACKAGE_STRING ""
| #define PACKAGE_BUGREPORT ""
| #define DIRECTFB_VERSION "1.0.0"
| #define STDC_HEADERS 1
| #define HAVE_SYS_TYPES_H 1
| #define HAVE_SYS_STAT_H 1
| #define HAVE_STDLIB_H 1
| #define HAVE_STRING_H 1
| #define HAVE_MEMORY_H 1
| #define HAVE_STRINGS_H 1
| #define HAVE_INTTYPES_H 1
| #define HAVE_STDINT_H 1
| #define HAVE_UNISTD_H 1
| #define HAVE_DLFCN_H 1
| #define LT_OBJDIR ".libs/"
| #define STDC_HEADERS 1
| #define SIZEOF_INT 4
| /* end confdefs.h.  */
| #include <stdio.h>
| #ifdef HAVE_SYS_TYPES_H
| # include <sys/types.h>
| #endif
| #ifdef HAVE_SYS_STAT_H
| # include <sys/stat.h>
| #endif
| #ifdef STDC_HEADERS
| # include <stdlib.h>
| # include <stddef.h>
| #else
| # ifdef HAVE_STDLIB_H
| #  include <stdlib.h>
| # endif
| #endif
| #ifdef HAVE_STRING_H
| # if !defined STDC_HEADERS && defined HAVE_MEMORY_H
| #  include <memory.h>
| # endif
| # include <string.h>
| #endif
| #ifdef HAVE_STRINGS_H
| # include <strings.h>
| #endif
| #ifdef HAVE_INTTYPES_H
| # include <inttypes.h>
| #endif
| #ifdef HAVE_STDINT_H
| # include <stdint.h>
| #endif
| #ifdef HAVE_UNISTD_H
| # include <unistd.h>
| #endif
| int
| main ()
| {
| static int test_array [1 - 2 * !(((long int) (sizeof (long))) <= 3)];
| test_array [0] = 0
| 
|   ;
|   return 0;
| }
configure:12802: arm-linux-gcc -c -I/home/kb/project/hddG/csm1201/Work/GoldBox/open_sources/inc  conftest.c >&5
configure:12809: $? = 0
configure:12957: arm-linux-gcc -c -I/home/kb/project/hddG/csm1201/Work/GoldBox/open_sources/inc  conftest.c >&5
configure:12964: $? = 0
configure:12957: arm-linux-gcc -c -I/home/kb/project/hddG/csm1201/Work/GoldBox/open_sources/inc  conftest.c >&5
configure:12964: $? = 0
configure:13080: result: 4
configure:13094: checking size of long long
configure:13124: arm-linux-gcc -c -I/home/kb/project/hddG/csm1201/Work/GoldBox/open_sources/inc  conftest.c >&5
configure:13131: $? = 0
configure:13161: arm-linux-gcc -c -I/home/kb/project/hddG/csm1201/Work/GoldBox/open_sources/inc  conftest.c >&5
conftest.c: In function `main':
conftest.c:60: error: size of array `test_array' is negative
configure:13168: $? = 1
configure: failed program was:
| /* confdefs.h.  */
| #define PACKAGE_NAME ""
| #define PACKAGE_TARNAME ""
| #define PACKAGE_VERSION ""
| #define PACKAGE_STRING ""
| #define PACKAGE_BUGREPORT ""
| #define DIRECTFB_VERSION "1.0.0"
| #define STDC_HEADERS 1
| #define HAVE_SYS_TYPES_H 1
| #define HAVE_SYS_STAT_H 1
| #define HAVE_STDLIB_H 1
| #define HAVE_STRING_H 1
| #define HAVE_MEMORY_H 1
| #define HAVE_STRINGS_H 1
| #define HAVE_INTTYPES_H 1
| #define HAVE_STDINT_H 1
| #define HAVE_UNISTD_H 1
| #define HAVE_DLFCN_H 1
| #define LT_OBJDIR ".libs/"
| #define STDC_HEADERS 1
| #define SIZEOF_INT 4
| #define SIZEOF_LONG 4
| /* end confdefs.h.  */
| #include <stdio.h>
| #ifdef HAVE_SYS_TYPES_H
| # include <sys/types.h>
| #endif
| #ifdef HAVE_SYS_STAT_H
| # include <sys/stat.h>
| #endif
| #ifdef STDC_HEADERS
| # include <stdlib.h>
| # include <stddef.h>
| #else
| # ifdef HAVE_STDLIB_H
| #  include <stdlib.h>
| # endif
| #endif
| #ifdef HAVE_STRING_H
| # if !defined STDC_HEADERS && defined HAVE_MEMORY_H
| #  include <memory.h>
| # endif
| # include <string.h>
| #endif
| #ifdef HAVE_STRINGS_H
| # include <strings.h>
| #endif
| #ifdef HAVE_INTTYPES_H
| # include <inttypes.h>
| #endif
| #ifdef HAVE_STDINT_H
| # include <stdint.h>
| #endif
| #ifdef HAVE_UNISTD_H
| # include <unistd.h>
| #endif
| int
| main ()
| {
| static int test_array [1 - 2 * !(((long int) (sizeof (long long))) <= 0)];
| test_array [0] = 0
| 
|   ;
|   return 0;
| }
configure:13161: arm-linux-gcc -c -I/home/kb/project/hddG/csm1201/Work/GoldBox/open_sources/inc  conftest.c >&5
conftest.c: In function `main':
conftest.c:60: error: size of array `test_array' is negative
configure:13168: $? = 1
configure: failed program was:
| /* confdefs.h.  */
| #define PACKAGE_NAME ""
| #define PACKAGE_TARNAME ""
| #define PACKAGE_VERSION ""
| #define PACKAGE_STRING ""
| #define PACKAGE_BUGREPORT ""
| #define DIRECTFB_VERSION "1.0.0"
| #define STDC_HEADERS 1
| #define HAVE_SYS_TYPES_H 1
| #define HAVE_SYS_STAT_H 1
| #define HAVE_STDLIB_H 1
| #define HAVE_STRING_H 1
| #define HAVE_MEMORY_H 1
| #define HAVE_STRINGS_H 1
| #define HAVE_INTTYPES_H 1
| #define HAVE_STDINT_H 1
| #define HAVE_UNISTD_H 1
| #define HAVE_DLFCN_H 1
| #define LT_OBJDIR ".libs/"
| #define STDC_HEADERS 1
| #define SIZEOF_INT 4
| #define SIZEOF_LONG 4
| /* end confdefs.h.  */
| #include <stdio.h>
| #ifdef HAVE_SYS_TYPES_H
| # include <sys/types.h>
| #endif
| #ifdef HAVE_SYS_STAT_H
| # include <sys/stat.h>
| #endif
| #ifdef STDC_HEADERS
| # include <stdlib.h>
| # include <stddef.h>
| #else
| # ifdef HAVE_STDLIB_H
| #  include <stdlib.h>
| # endif
| #endif
| #ifdef HAVE_STRING_H
| # if !defined STDC_HEADERS && defined HAVE_MEMORY_H
| #  include <memory.h>
| # endif
| # include <string.h>
| #endif
| #ifdef HAVE_STRINGS_H
| # include <strings.h>
| #endif
| #ifdef HAVE_INTTYPES_H
| # include <inttypes.h>
| #endif
| #ifdef HAVE_STDINT_H
| # include <stdint.h>
| #endif
| #ifdef HAVE_UNISTD_H
| # include <unistd.h>
| #endif
| int
| main ()
| {
| static int test_array [1 - 2 * !(((long int) (sizeof (long long))) <= 1)];
| test_array [0] = 0
| 
|   ;
|   return 0;
| }
configure:13161: arm-linux-gcc -c -I/home/kb/project/hddG/csm1201/Work/GoldBox/open_sources/inc  conftest.c >&5
conftest.c: In function `main':
conftest.c:60: error: size of array `test_array' is negative
configure:13168: $? = 1
configure: failed program was:
| /* confdefs.h.  */
| #define PACKAGE_NAME ""
| #define PACKAGE_TARNAME ""
| #define PACKAGE_VERSION ""
| #define PACKAGE_STRING ""
| #define PACKAGE_BUGREPORT ""
| #define DIRECTFB_VERSION "1.0.0"
| #define STDC_HEADERS 1
| #define HAVE_SYS_TYPES_H 1
| #define HAVE_SYS_STAT_H 1
| #define HAVE_STDLIB_H 1
| #define HAVE_STRING_H 1
| #define HAVE_MEMORY_H 1
| #define HAVE_STRINGS_H 1
| #define HAVE_INTTYPES_H 1
| #define HAVE_STDINT_H 1
| #define HAVE_UNISTD_H 1
| #define HAVE_DLFCN_H 1
| #define LT_OBJDIR ".libs/"
| #define STDC_HEADERS 1
| #define SIZEOF_INT 4
| #define SIZEOF_LONG 4
| /* end confdefs.h.  */
| #include <stdio.h>
| #ifdef HAVE_SYS_TYPES_H
| # include <sys/types.h>
| #endif
| #ifdef HAVE_SYS_STAT_H
| # include <sys/stat.h>
| #endif
| #ifdef STDC_HEADERS
| # include <stdlib.h>
| # include <stddef.h>
| #else
| # ifdef HAVE_STDLIB_H
| #  include <stdlib.h>
| # endif
| #endif
| #ifdef HAVE_STRING_H
| # if !defined STDC_HEADERS && defined HAVE_MEMORY_H
| #  include <memory.h>
| # endif
| # include <string.h>
| #endif
| #ifdef HAVE_STRINGS_H
| # include <strings.h>
| #endif
| #ifdef HAVE_INTTYPES_H
| # include <inttypes.h>
| #endif
| #ifdef HAVE_STDINT_H
| # include <stdint.h>
| #endif
| #ifdef HAVE_UNISTD_H
| # include <unistd.h>
| #endif
| int
| main ()
| {
| static int test_array [1 - 2 * !(((long int) (sizeof (long long))) <= 3)];
| test_array [0] = 0
| 
|   ;
|   return 0;
| }
configure:13161: arm-linux-gcc -c -I/home/kb/project/hddG/csm1201/Work/GoldBox/open_sources/inc  conftest.c >&5
conftest.c: In function `main':
conftest.c:60: error: size of array `test_array' is negative
configure:13168: $? = 1
configure: failed program was:
| /* confdefs.h.  */
| #define PACKAGE_NAME ""
| #define PACKAGE_TARNAME ""
| #define PACKAGE_VERSION ""
| #define PACKAGE_STRING ""
| #define PACKAGE_BUGREPORT ""
| #define DIRECTFB_VERSION "1.0.0"
| #define STDC_HEADERS 1
| #define HAVE_SYS_TYPES_H 1
| #define HAVE_SYS_STAT_H 1
| #define HAVE_STDLIB_H 1
| #define HAVE_STRING_H 1
| #define HAVE_MEMORY_H 1
| #define HAVE_STRINGS_H 1
| #define HAVE_INTTYPES_H 1
| #define HAVE_STDINT_H 1
| #define HAVE_UNISTD_H 1
| #define HAVE_DLFCN_H 1
| #define LT_OBJDIR ".libs/"
| #define STDC_HEADERS 1
| #define SIZEOF_INT 4
| #define SIZEOF_LONG 4
| /* end confdefs.h.  */
| #include <stdio.h>
| #ifdef HAVE_SYS_TYPES_H
| # include <sys/types.h>
| #endif
| #ifdef HAVE_SYS_STAT_H
| # include <sys/stat.h>
| #endif
| #ifdef STDC_HEADERS
| # include <stdlib.h>
| # include <stddef.h>
| #else
| # ifdef HAVE_STDLIB_H
| #  include <stdlib.h>
| # endif
| #endif
| #ifdef HAVE_STRING_H
| # if !defined STDC_HEADERS && defined HAVE_MEMORY_H
| #  include <memory.h>
| # endif
| # include <string.h>
| #endif
| #ifdef HAVE_STRINGS_H
| # include <strings.h>
| #endif
| #ifdef HAVE_INTTYPES_H
| # include <inttypes.h>
| #endif
| #ifdef HAVE_STDINT_H
| # include <stdint.h>
| #endif
| #ifdef HAVE_UNISTD_H
| # include <unistd.h>
| #endif
| int
| main ()
| {
| static int test_array [1 - 2 * !(((long int) (sizeof (long long))) <= 7)];
| test_array [0] = 0
| 
|   ;
|   return 0;
| }
configure:13161: arm-linux-gcc -c -I/home/kb/project/hddG/csm1201/Work/GoldBox/open_sources/inc  conftest.c >&5
configure:13168: $? = 0
configure:13316: arm-linux-gcc -c -I/home/kb/project/hddG/csm1201/Work/GoldBox/open_sources/inc  conftest.c >&5
configure:13323: $? = 0
configure:13316: arm-linux-gcc -c -I/home/kb/project/hddG/csm1201/Work/GoldBox/open_sources/inc  conftest.c >&5
configure:13323: $? = 0
configure:13316: arm-linux-gcc -c -I/home/kb/project/hddG/csm1201/Work/GoldBox/open_sources/inc  conftest.c >&5
configure:13323: $? = 0
configure:13439: result: 8
configure:13461: checking for perl5
configure:13494: result: no
configure:13461: checking for perl
configure:13479: found /usr/bin/perl
configure:13491: result: /usr/bin/perl
configure:13505: checking for man2html
configure:13536: result: no
configure:13574: checking Carbon/Carbon.h usability
configure:13591: arm-linux-gcc -c -I/home/kb/project/hddG/csm1201/Work/GoldBox/open_sources/inc  conftest.c >&5
conftest.c:58:27: Carbon/Carbon.h: No such file or directory
configure:13598: $? = 1
configure: failed program was:
| /* confdefs.h.  */
| #define PACKAGE_NAME ""
| #define PACKAGE_TARNAME ""
| #define PACKAGE_VERSION ""
| #define PACKAGE_STRING ""
| #define PACKAGE_BUGREPORT ""
| #define DIRECTFB_VERSION "1.0.0"
| #define STDC_HEADERS 1
| #define HAVE_SYS_TYPES_H 1
| #define HAVE_SYS_STAT_H 1
| #define HAVE_STDLIB_H 1
| #define HAVE_STRING_H 1
| #define HAVE_MEMORY_H 1
| #define HAVE_STRINGS_H 1
| #define HAVE_INTTYPES_H 1
| #define HAVE_STDINT_H 1
| #define HAVE_UNISTD_H 1
| #define HAVE_DLFCN_H 1
| #define LT_OBJDIR ".libs/"
| #define STDC_HEADERS 1
| #define SIZEOF_INT 4
| #define SIZEOF_LONG 4
| #define SIZEOF_LONG_LONG 8
| /* end confdefs.h.  */
| #include <stdio.h>
| #ifdef HAVE_SYS_TYPES_H
| # include <sys/types.h>
| #endif
| #ifdef HAVE_SYS_STAT_H
| # include <sys/stat.h>
| #endif
| #ifdef STDC_HEADERS
| # include <stdlib.h>
| # include <stddef.h>
| #else
| # ifdef HAVE_STDLIB_H
| #  include <stdlib.h>
| # endif
| #endif
| #ifdef HAVE_STRING_H
| # if !defined STDC_HEADERS && defined HAVE_MEMORY_H
| #  include <memory.h>
| # endif
| # include <string.h>
| #endif
| #ifdef HAVE_STRINGS_H
| # include <strings.h>
| #endif
| #ifdef HAVE_INTTYPES_H
| # include <inttypes.h>
| #endif
| #ifdef HAVE_STDINT_H
| # include <stdint.h>
| #endif
| #ifdef HAVE_UNISTD_H
| # include <unistd.h>
| #endif
| #include <Carbon/Carbon.h>
configure:13612: result: no
configure:13616: checking Carbon/Carbon.h presence
configure:13631: arm-linux-gcc -E  conftest.c
conftest.c:25:27: Carbon/Carbon.h: No such file or directory
configure:13638: $? = 1
configure: failed program was:
| /* confdefs.h.  */
| #define PACKAGE_NAME ""
| #define PACKAGE_TARNAME ""
| #define PACKAGE_VERSION ""
| #define PACKAGE_STRING ""
| #define PACKAGE_BUGREPORT ""
| #define DIRECTFB_VERSION "1.0.0"
| #define STDC_HEADERS 1
| #define HAVE_SYS_TYPES_H 1
| #define HAVE_SYS_STAT_H 1
| #define HAVE_STDLIB_H 1
| #define HAVE_STRING_H 1
| #define HAVE_MEMORY_H 1
| #define HAVE_STRINGS_H 1
| #define HAVE_INTTYPES_H 1
| #define HAVE_STDINT_H 1
| #define HAVE_UNISTD_H 1
| #define HAVE_DLFCN_H 1
| #define LT_OBJDIR ".libs/"
| #define STDC_HEADERS 1
| #define SIZEOF_INT 4
| #define SIZEOF_LONG 4
| #define SIZEOF_LONG_LONG 8
| /* end confdefs.h.  */
| #include <Carbon/Carbon.h>
configure:13652: result: no
configure:13680: checking for Carbon/Carbon.h
configure:13687: result: no
configure:13701: WARNING:
*** no Carbon/Carbon.h found -- building without Mac OS X support.
configure:13904: checking linux/compiler.h usability
configure:13921: arm-linux-gcc -c -I/home/kb/project/hddG/csm1201/Work/GoldBox/open_sources/inc  conftest.c >&5
configure:13928: $? = 0
configure:13942: result: yes
configure:13946: checking linux/compiler.h presence
configure:13961: arm-linux-gcc -E  conftest.c
configure:13968: $? = 0
configure:13982: result: yes
configure:14010: checking for linux/compiler.h
configure:14019: result: yes
configure:13904: checking linux/unistd.h usability
configure:13921: arm-linux-gcc -c -I/home/kb/project/hddG/csm1201/Work/GoldBox/open_sources/inc  conftest.c >&5
configure:13928: $? = 0
configure:13942: result: yes
configure:13946: checking linux/unistd.h presence
configure:13961: arm-linux-gcc -E  conftest.c
configure:13968: $? = 0
configure:13982: result: yes
configure:14010: checking for linux/unistd.h
configure:14019: result: yes
configure:13904: checking asm/page.h usability
configure:13921: arm-linux-gcc -c -I/home/kb/project/hddG/csm1201/Work/GoldBox/open_sources/inc  conftest.c >&5
configure:13928: $? = 0
configure:13942: result: yes
configure:13946: checking asm/page.h presence
configure:13961: arm-linux-gcc -E  conftest.c
configure:13968: $? = 0
configure:13982: result: yes
configure:14010: checking for asm/page.h
configure:14019: result: yes
configure:14288: checking for pthread_attr_init in -lpthread
configure:14323: arm-linux-gcc -o conftest -O3 -ffast-math -pipe -I/home/kb/project/hddG/csm1201/Work/GoldBox/open_sources/inc  -L/home/kb/project/hddG/csm1201/Work/GoldBox/open_sources/libs conftest.c -lpthread   >&5
configure:14330: $? = 0
configure:14351: result: yes
configure:14372: checking whether PTHREAD_MUTEX_RECURSIVE is declared
configure:14404: arm-linux-gcc -c -O3 -ffast-math -pipe -I/home/kb/project/hddG/csm1201/Work/GoldBox/open_sources/inc  conftest.c >&5
configure:14411: $? = 0
configure:14426: result: yes
configure:14448: checking whether PTHREAD_RECURSIVE_MUTEX_INITIALIZER_NP is declared
configure:14480: arm-linux-gcc -c -O3 -ffast-math -pipe -I/home/kb/project/hddG/csm1201/Work/GoldBox/open_sources/inc  conftest.c >&5
configure:14487: $? = 0
configure:14502: result: yes
configure:14534: checking for dlopen in -ldl
configure:14569: arm-linux-gcc -o conftest -O3 -ffast-math -pipe -I/home/kb/project/hddG/csm1201/Work/GoldBox/open_sources/inc -D_REENTRANT  -L/home/kb/project/hddG/csm1201/Work/GoldBox/open_sources/libs conftest.c -ldl  -lpthread  >&5
configure:14576: $? = 0
configure:14597: result: yes
configure:14839: checking stdbool.h usability
configure:14856: arm-linux-gcc -c -O3 -ffast-math -pipe -I/home/kb/project/hddG/csm1201/Work/GoldBox/open_sources/inc -D_REENTRANT  conftest.c >&5
configure:14863: $? = 0
configure:14877: result: yes
configure:14881: checking stdbool.h presence
configure:14896: arm-linux-gcc -E -D_REENTRANT  conftest.c
configure:14903: $? = 0
configure:14917: result: yes
configure:14945: checking for stdbool.h
configure:14952: result: yes
configure:15400: checking for libvncserver-config
configure:15431: result: no
configure:15442: WARNING:
*** libvncserver-config not found -- building without VNC support. See http://libvncserver.sourceforge.net
configure:15712: checking for jpeg_destroy_decompress in -ljpeg
configure:15747: arm-linux-gcc -o conftest -O3 -ffast-math -pipe -I/home/kb/project/hddG/csm1201/Work/GoldBox/open_sources/inc -D_REENTRANT  -L/home/kb/project/hddG/csm1201/Work/GoldBox/open_sources/libs conftest.c -ljpeg  -ldl -lpthread  >&5
configure:15754: $? = 0
configure:15775: result: yes
configure:15794: checking jpeglib.h usability
configure:15811: arm-linux-gcc -c -O3 -ffast-math -pipe -I/home/kb/project/hddG/csm1201/Work/GoldBox/open_sources/inc -D_REENTRANT  conftest.c >&5
In file included from /home/kb/project/hddG/csm1201/Work/GoldBox/open_sources/inc/jpeglib.h:24,
                 from conftest.c:65:
/home/kb/project/hddG/csm1201/Work/GoldBox/open_sources/inc/jconfig.h:12:1: warning: "HAVE_STDLIB_H" redefined
conftest.c:11:1: warning: this is the location of the previous definition
configure:15818: $? = 0
configure:15832: result: yes
configure:15836: checking jpeglib.h presence
configure:15851: arm-linux-gcc -E -D_REENTRANT  conftest.c
conftest.c:32:21: jpeglib.h: No such file or directory
configure:15858: $? = 1
configure: failed program was:
| /* confdefs.h.  */
| #define PACKAGE_NAME ""
| #define PACKAGE_TARNAME ""
| #define PACKAGE_VERSION ""
| #define PACKAGE_STRING ""
| #define PACKAGE_BUGREPORT ""
| #define DIRECTFB_VERSION "1.0.0"
| #define STDC_HEADERS 1
| #define HAVE_SYS_TYPES_H 1
| #define HAVE_SYS_STAT_H 1
| #define HAVE_STDLIB_H 1
| #define HAVE_STRING_H 1
| #define HAVE_MEMORY_H 1
| #define HAVE_STRINGS_H 1
| #define HAVE_INTTYPES_H 1
| #define HAVE_STDINT_H 1
| #define HAVE_UNISTD_H 1
| #define HAVE_DLFCN_H 1
| #define LT_OBJDIR ".libs/"
| #define STDC_HEADERS 1
| #define SIZEOF_INT 4
| #define SIZEOF_LONG 4
| #define SIZEOF_LONG_LONG 8
| #define HAVE_LINUX_COMPILER_H 1
| #define HAVE_LINUX_UNISTD_H 1
| #define HAVE_ASM_PAGE_H 1
| #define HAVE_LIBPTHREAD 1
| #define HAVE_DECL_PTHREAD_MUTEX_RECURSIVE 1
| #define HAVE_DECL_PTHREAD_RECURSIVE_MUTEX_INITIALIZER_NP 1
| #define HAVE_LIBDL 1
| /* end confdefs.h.  */
| #include <jpeglib.h>
configure:15872: result: no
configure:15878: WARNING: jpeglib.h: accepted by the compiler, rejected by the preprocessor!
configure:15880: WARNING: jpeglib.h: proceeding with the compiler's result
configure:15900: checking for jpeglib.h
configure:15907: result: yes
configure:15965: checking for gzsetparams in -lz
configure:16000: arm-linux-gcc -o conftest -O3 -ffast-math -pipe -I/home/kb/project/hddG/csm1201/Work/GoldBox/open_sources/inc -D_REENTRANT  -L/home/kb/project/hddG/csm1201/Work/GoldBox/open_sources/libs conftest.c -lz  -ldl -lpthread  >&5
configure:16007: $? = 0
configure:16028: result: yes
configure:16042: checking zlib.h usability
configure:16059: arm-linux-gcc -c -O3 -ffast-math -pipe -I/home/kb/project/hddG/csm1201/Work/GoldBox/open_sources/inc -D_REENTRANT  conftest.c >&5
configure:16066: $? = 0
configure:16080: result: yes
configure:16084: checking zlib.h presence
configure:16099: arm-linux-gcc -E -D_REENTRANT  conftest.c
conftest.c:32:18: zlib.h: No such file or directory
configure:16106: $? = 1
configure: failed program was:
| /* confdefs.h.  */
| #define PACKAGE_NAME ""
| #define PACKAGE_TARNAME ""
| #define PACKAGE_VERSION ""
| #define PACKAGE_STRING ""
| #define PACKAGE_BUGREPORT ""
| #define DIRECTFB_VERSION "1.0.0"
| #define STDC_HEADERS 1
| #define HAVE_SYS_TYPES_H 1
| #define HAVE_SYS_STAT_H 1
| #define HAVE_STDLIB_H 1
| #define HAVE_STRING_H 1
| #define HAVE_MEMORY_H 1
| #define HAVE_STRINGS_H 1
| #define HAVE_INTTYPES_H 1
| #define HAVE_STDINT_H 1
| #define HAVE_UNISTD_H 1
| #define HAVE_DLFCN_H 1
| #define LT_OBJDIR ".libs/"
| #define STDC_HEADERS 1
| #define SIZEOF_INT 4
| #define SIZEOF_LONG 4
| #define SIZEOF_LONG_LONG 8
| #define HAVE_LINUX_COMPILER_H 1
| #define HAVE_LINUX_UNISTD_H 1
| #define HAVE_ASM_PAGE_H 1
| #define HAVE_LIBPTHREAD 1
| #define HAVE_DECL_PTHREAD_MUTEX_RECURSIVE 1
| #define HAVE_DECL_PTHREAD_RECURSIVE_MUTEX_INITIALIZER_NP 1
| #define HAVE_LIBDL 1
| /* end confdefs.h.  */
| #include <zlib.h>
configure:16120: result: no
configure:16126: WARNING: zlib.h: accepted by the compiler, rejected by the preprocessor!
configure:16128: WARNING: zlib.h: proceeding with the compiler's result
configure:16148: checking for zlib.h
configure:16155: result: yes
configure:16418: checking for libpng-config
configure:16449: result: no
configure:16460: WARNING:
*** libpng-config not found 
configure:16469: checking for png_read_info in -lpng
configure:16504: arm-linux-gcc -o conftest -O3 -ffast-math -pipe -I/home/kb/project/hddG/csm1201/Work/GoldBox/open_sources/inc -D_REENTRANT  -L/home/kb/project/hddG/csm1201/Work/GoldBox/open_sources/libs conftest.c -lpng -lz -lm -ldl -lpthread  >&5
configure:16511: $? = 0
configure:16532: result: yes
configure:16546: checking png.h usability
configure:16563: arm-linux-gcc -c -O3 -ffast-math -pipe -I/home/kb/project/hddG/csm1201/Work/GoldBox/open_sources/inc -D_REENTRANT  conftest.c >&5
configure:16570: $? = 0
configure:16584: result: yes
configure:16588: checking png.h presence
configure:16603: arm-linux-gcc -E -D_REENTRANT  conftest.c
conftest.c:33:17: png.h: No such file or directory
configure:16610: $? = 1
configure: failed program was:
| /* confdefs.h.  */
| #define PACKAGE_NAME ""
| #define PACKAGE_TARNAME ""
| #define PACKAGE_VERSION ""
| #define PACKAGE_STRING ""
| #define PACKAGE_BUGREPORT ""
| #define DIRECTFB_VERSION "1.0.0"
| #define STDC_HEADERS 1
| #define HAVE_SYS_TYPES_H 1
| #define HAVE_SYS_STAT_H 1
| #define HAVE_STDLIB_H 1
| #define HAVE_STRING_H 1
| #define HAVE_MEMORY_H 1
| #define HAVE_STRINGS_H 1
| #define HAVE_INTTYPES_H 1
| #define HAVE_STDINT_H 1
| #define HAVE_UNISTD_H 1
| #define HAVE_DLFCN_H 1
| #define LT_OBJDIR ".libs/"
| #define STDC_HEADERS 1
| #define SIZEOF_INT 4
| #define SIZEOF_LONG 4
| #define SIZEOF_LONG_LONG 8
| #define HAVE_LINUX_COMPILER_H 1
| #define HAVE_LINUX_UNISTD_H 1
| #define HAVE_ASM_PAGE_H 1
| #define HAVE_LIBPTHREAD 1
| #define HAVE_DECL_PTHREAD_MUTEX_RECURSIVE 1
| #define HAVE_DECL_PTHREAD_RECURSIVE_MUTEX_INITIALIZER_NP 1
| #define HAVE_LIBDL 1
| #define USE_ZLIB 1
| /* end confdefs.h.  */
| #include <png.h>
configure:16624: result: no
configure:16630: WARNING: png.h: accepted by the compiler, rejected by the preprocessor!
configure:16632: WARNING: png.h: proceeding with the compiler's result
configure:16652: checking for png.h
configure:16659: result: yes
configure:16684: checking for png_structp in png.h
configure:16710: arm-linux-gcc -c -O3 -ffast-math -pipe -I/home/kb/project/hddG/csm1201/Work/GoldBox/open_sources/inc -D_REENTRANT  conftest.c >&5
configure:16717: $? = 0
configure:16731: result: yes
configure:16804: checking for freetype-config
configure:16822: found /usr/bin/freetype-config
configure:16835: result: /usr/bin/freetype-config
configure:16938: checking which gfxdrivers should be built
configure:17028: result: orion
configure:17119: checking which inputdrivers should be built
configure:17217: result: linuxinput
configure:17815: checking linux/input.h usability
configure:17832: arm-linux-gcc -c -O3 -ffast-math -pipe -I/home/kb/project/hddG/csm1201/Work/GoldBox/open_sources/inc -D_REENTRANT  conftest.c >&5
configure:17839: $? = 0
configure:17853: result: yes
configure:17857: checking linux/input.h presence
configure:17872: arm-linux-gcc -E -D_REENTRANT  conftest.c
configure:17879: $? = 0
configure:17893: result: yes
configure:17921: checking for linux/input.h
configure:17928: result: yes
configure:17943: checking for struct input_absinfo in linux/input.h
configure:17966: arm-linux-gcc -c -O3 -ffast-math -pipe -I/home/kb/project/hddG/csm1201/Work/GoldBox/open_sources/inc -D_REENTRANT  conftest.c >&5
configure:17973: $? = 0
configure:17983: result: yes
configure:19532: creating ./config.status

## ---------------------- ##
## Running config.status. ##
## ---------------------- ##

This file was extended by config.status, which was
generated by GNU Autoconf 2.63.  Invocation command line was

  CONFIG_FILES    = 
  CONFIG_HEADERS  = 
  CONFIG_LINKS    = 
  CONFIG_COMMANDS = 
  $ ./config.status 

on kbkubuntu

config.status:1281: creating directfb-config
config.status:1281: creating directfb.pc
config.status:1281: creating directfb-internal.pc
config.status:1281: creating directfb.spec
config.status:1281: creating Makefile
config.status:1281: creating include/Makefile
config.status:1281: creating include/directfb_version.h
config.status:1281: creating lib/Makefile
config.status:1281: creating lib/direct/Makefile
config.status:1281: creating lib/direct/build.h
config.status:1281: creating lib/direct/direct.pc
config.status:1281: creating lib/fusion/Makefile
config.status:1281: creating lib/fusion/build.h
config.status:1281: creating lib/fusion/fusion.pc
config.status:1281: creating lib/fusion/shm/Makefile
config.status:1281: creating lib/voodoo/Makefile
config.status:1281: creating lib/voodoo/build.h
config.status:1281: creating lib/voodoo/voodoo.pc
config.status:1281: creating patches/Makefile
config.status:1281: creating proxy/Makefile
config.status:1281: creating proxy/dispatcher/Makefile
config.status:1281: creating proxy/requestor/Makefile
config.status:1281: creating rules/Makefile
config.status:1281: creating src/Makefile
config.status:1281: creating src/core/Makefile
config.status:1281: creating src/display/Makefile
config.status:1281: creating src/gfx/Makefile
config.status:1281: creating src/gfx/generic/Makefile
config.status:1281: creating src/input/Makefile
config.status:1281: creating src/media/Makefile
config.status:1281: creating src/misc/Makefile
config.status:1281: creating src/windows/Makefile
config.status:1281: creating systems/Makefile
config.status:1281: creating systems/fbdev/Makefile
config.status:1281: creating systems/x11/Makefile
config.status:1281: creating systems/osx/Makefile
config.status:1281: creating systems/sdl/Makefile
config.status:1281: creating systems/vnc/Makefile
config.status:1281: creating wm/Makefile
config.status:1281: creating wm/default/Makefile
config.status:1281: creating wm/unique/Makefile
config.status:1281: creating wm/unique/classes/Makefile
config.status:1281: creating wm/unique/data/Makefile
config.status:1281: creating wm/unique/devices/Makefile
config.status:1281: creating gfxdrivers/Makefile
config.status:1281: creating gfxdrivers/ati128/Makefile
config.status:1281: creating gfxdrivers/cle266/Makefile
config.status:1281: creating gfxdrivers/cyber5k/Makefile
config.status:1281: creating gfxdrivers/i810/Makefile
config.status:1281: creating gfxdrivers/i830/Makefile
config.status:1281: creating gfxdrivers/mach64/Makefile
config.status:1281: creating gfxdrivers/matrox/Makefile
config.status:1281: creating gfxdrivers/neomagic/Makefile
config.status:1281: creating gfxdrivers/nsc/Makefile
config.status:1281: creating gfxdrivers/nsc/include/Makefile
config.status:1281: creating gfxdrivers/nvidia/Makefile
config.status:1281: creating gfxdrivers/radeon/Makefile
config.status:1281: creating gfxdrivers/savage/Makefile
config.status:1281: creating gfxdrivers/sis315/Makefile
config.status:1281: creating gfxdrivers/tdfx/Makefile
config.status:1281: creating gfxdrivers/orion/Makefile
config.status:1281: creating gfxdrivers/unichrome/Makefile
config.status:1281: creating inputdrivers/Makefile
config.status:1281: creating inputdrivers/dbox2remote/Makefile
config.status:1281: creating inputdrivers/dreamboxremote/Makefile
config.status:1281: creating inputdrivers/dynapro/Makefile
config.status:1281: creating inputdrivers/elo/Makefile
config.status:1281: creating inputdrivers/gunze/Makefile
config.status:1281: creating inputdrivers/h3600_ts/Makefile
config.status:1281: creating inputdrivers/joystick/Makefile
config.status:1281: creating inputdrivers/keyboard/Makefile
config.status:1281: creating inputdrivers/linux_input/Makefile
config.status:1281: creating inputdrivers/lirc/Makefile
config.status:1281: creating inputdrivers/mutouch/Makefile
config.status:1281: creating inputdrivers/penmount/Makefile
config.status:1281: creating inputdrivers/ps2mouse/Makefile
config.status:1281: creating inputdrivers/serialmouse/Makefile
config.status:1281: creating inputdrivers/sonypi/Makefile
config.status:1281: creating inputdrivers/tslib/Makefile
config.status:1281: creating inputdrivers/ucb1x00_ts/Makefile
config.status:1281: creating inputdrivers/wm97xx_ts/Makefile
config.status:1281: creating interfaces/Makefile
config.status:1281: creating interfaces/IDirectFBFont/Makefile
config.status:1281: creating interfaces/IDirectFBImageProvider/Makefile
config.status:1281: creating interfaces/IDirectFBImageProvider/mpeg2/Makefile
config.status:1281: creating interfaces/IDirectFBVideoProvider/Makefile
config.status:1281: creating data/Makefile
config.status:1281: creating tests/Makefile
config.status:1281: creating tools/Makefile
config.status:1281: creating docs/Makefile
config.status:1281: creating docs/dfbg.1
config.status:1281: creating docs/directfb-csource.1
config.status:1281: creating docs/directfbrc.5
config.status:1281: creating docs/html/Makefile
config.status:1281: creating config.h
config.status:1503: config.h is unchanged
config.status:1555: executing depfiles commands
config.status:1555: executing libtool commands
config.status:1555: executing default commands
configure:21850: WARNING: unrecognized options: --disable-fusion
configure:21908: result:
Build options:
  Version                   1.0.0
  Install prefix            /
  Build shared libs         yes
  Build static libs         no
  Module directory          /lib/directfb-1.0-0
  CPPFLAGS                  -D_REENTRANT 
  CFLAGS                    -O3 -ffast-math -pipe -I/home/kb/project/hddG/csm1201/Work/GoldBox/open_sources/inc -D_GNU_SOURCE  -Werror-implicit-function-declaration
  LDFLAGS                   -L/home/kb/project/hddG/csm1201/Work/GoldBox/open_sources/libs
  LIBS                      -ldl -lpthread 

Misc options:
  Multi Application Core    no
  Fusion message size       1024
  Voodoo (network support)  no
  Debug supported           yes
  Debug enabled             no
  Trace support             no
  MMX support               no
  SSE support               no
  Network support           yes
  zlib compression          yes
  sysfs support             no

Building Core Systems:
  Linux FBDev support       yes
  X11 support               no
  OSX support               no
  SDL support               no
  VNC support               no

Building WM Modules:
  Default                   yes
  UniQuE                    no

Building Tests              no
Building Tools              yes

Building Image Providers:
  GIF                       yes
  JPEG                      yes
  MPEG2 I-Frame             yes
  PNG                       yes

Building Video Providers:
  GIF                       yes
  Video4Linux               no (v2: no)

Building Font implementations:
  FreeType2                 yes
  Default font              yes
configure:21998: result:
Building Graphics Drivers:
  3Dfx Voodoo               no
  ATI Mach64                no
  ATI Rage 128              no
  ATI Radeon                no
  Intel i810                no
  Intel i830                no
  Matrox                    no
  NeoMagic                  no
  NSC Geode                 no
  nVidia                    no
  S3 Savage                 no
  SiS 315                   no
  TVIA CyberPro             no
  VIA CLE266                no
  VIA UniChrome             no

Building Input Drivers:
  DBox2 Remote              no
  DreamBox Remote           no
  Dynapro Touchscreen       no
  ELO Touchscreen           no
  Gunze Touchscreen         no
  H3600 Touchscreen         no
  Joystick                  no
  Keyboard                  no
  Linux Input               yes
  LiRC                      no
  MuTouch touchscreen       no
  PS/2 Mouse                no
  Serial Mouse              no
  SonyPI Jogdial            no
  tslib                     no
  ucb1x00 Touchscreen       no
  WM97xx Touchscreen        no
configure:22038: result:   


## ---------------- ##
## Cache variables. ##
## ---------------- ##

ac_cv_build=x86_64-unknown-linux-gnu
ac_cv_c_bigendian=no
ac_cv_c_compiler_gnu=yes
ac_cv_env_CCASFLAGS_set=
ac_cv_env_CCASFLAGS_value=
ac_cv_env_CCAS_set=
ac_cv_env_CCAS_value=
ac_cv_env_CC_set=
ac_cv_env_CC_value=
ac_cv_env_CFLAGS_set=set
ac_cv_env_CFLAGS_value=-I/home/kb/project/hddG/csm1201/Work/GoldBox/open_sources/inc
ac_cv_env_CPPFLAGS_set=
ac_cv_env_CPPFLAGS_value=
ac_cv_env_CPP_set=
ac_cv_env_CPP_value=
ac_cv_env_LDFLAGS_set=set
ac_cv_env_LDFLAGS_value=-L/home/kb/project/hddG/csm1201/Work/GoldBox/open_sources/libs
ac_cv_env_LIBS_set=
ac_cv_env_LIBS_value=
ac_cv_env_PKG_CONFIG_set=
ac_cv_env_PKG_CONFIG_value=
ac_cv_env_TSLIB_CFLAGS_set=
ac_cv_env_TSLIB_CFLAGS_value=
ac_cv_env_TSLIB_LIBS_set=
ac_cv_env_TSLIB_LIBS_value=
ac_cv_env_build_alias_set=
ac_cv_env_build_alias_value=
ac_cv_env_host_alias_set=set
ac_cv_env_host_alias_value=arm-linux
ac_cv_env_target_alias_set=set
ac_cv_env_target_alias_value=arm-linux
ac_cv_have_decl_PTHREAD_MUTEX_RECURSIVE=yes
ac_cv_have_decl_PTHREAD_RECURSIVE_MUTEX_INITIALIZER_NP=yes
ac_cv_header_Carbon_Carbon_h=no
ac_cv_header_asm_page_h=yes
ac_cv_header_dlfcn_h=yes
ac_cv_header_inttypes_h=yes
ac_cv_header_jpeglib_h=yes
ac_cv_header_linux_compiler_h=yes
ac_cv_header_linux_input_h=yes
ac_cv_header_linux_sisfb_h=no
ac_cv_header_linux_unistd_h=yes
ac_cv_header_linux_wm97xx_h=no
ac_cv_header_memory_h=yes
ac_cv_header_png_h=yes
ac_cv_header_stdbool_h=yes
ac_cv_header_stdc=yes
ac_cv_header_stdint_h=yes
ac_cv_header_stdlib_h=yes
ac_cv_header_string_h=yes
ac_cv_header_strings_h=yes
ac_cv_header_sys_stat_h=yes
ac_cv_header_sys_types_h=yes
ac_cv_header_unistd_h=yes
ac_cv_header_zlib_h=yes
ac_cv_host=arm-unknown-linux-gnu
ac_cv_lib_dl_dlopen=yes
ac_cv_lib_jpeg_jpeg_destroy_decompress=yes
ac_cv_lib_png_png_read_info=yes
ac_cv_lib_pthread_pthread_attr_init=yes
ac_cv_lib_z_gzsetparams=yes
ac_cv_objext=o
ac_cv_path_EGREP='/bin/grep -E'
ac_cv_path_FGREP='/bin/grep -F'
ac_cv_path_FREETYPE_CONFIG=/usr/bin/freetype-config
ac_cv_path_GREP=/bin/grep
ac_cv_path_LIBPNG_CONFIG=no
ac_cv_path_MAN2HTML=no
ac_cv_path_PERL=/usr/bin/perl
ac_cv_path_SED=/bin/sed
ac_cv_path_VNC_CONFIG=no
ac_cv_path_install='/usr/bin/install -c'
ac_cv_path_mkdir=/bin/mkdir
ac_cv_prog_AR=arm-linux-ar
ac_cv_prog_AWK=mawk
ac_cv_prog_CC=arm-linux-gcc
ac_cv_prog_CPP='arm-linux-gcc -E'
ac_cv_prog_OBJDUMP=arm-linux-objdump
ac_cv_prog_RANLIB=arm-linux-ranlib
ac_cv_prog_STRIP=arm-linux-strip
ac_cv_prog_cc_c89=
ac_cv_prog_cc_g=yes
ac_cv_prog_make_make_set=yes
ac_cv_search_strerror='none required'
ac_cv_sizeof_int=4
ac_cv_sizeof_long=4
ac_cv_sizeof_long_long=8
ac_cv_target=arm-unknown-linux-gnu
am_cv_CCAS_dependencies_compiler_type=gcc3
am_cv_CC_dependencies_compiler_type=gcc3
lt_cv_deplibs_check_method=pass_all
lt_cv_file_magic_cmd='$MAGIC_CMD'
lt_cv_file_magic_test_file=
lt_cv_ld_reload_flag=-r
lt_cv_nm_interface='BSD nm'
lt_cv_objdir=.libs
lt_cv_path_LD=/opt/crosstool/gcc-3.4.6-glibc-2.3.6/arm-linux/arm-linux/bin/ld
lt_cv_path_NM='/opt/crosstool/gcc-3.4.6-glibc-2.3.6/arm-linux/bin/arm-linux-nm -B'
lt_cv_prog_compiler_c_o=yes
lt_cv_prog_compiler_pic_works=yes
lt_cv_prog_compiler_rtti_exceptions=no
lt_cv_prog_compiler_static_works=yes
lt_cv_prog_gnu_ld=yes
lt_cv_sys_global_symbol_pipe='sed -n -e '\''s/^.*[	 ]\([ABCDGIRSTW][ABCDGIRSTW]*\)[	 ][	 ]*\([_A-Za-z][_A-Za-z0-9]*\)$/\1 \2 \2/p'\'''
lt_cv_sys_global_symbol_to_c_name_address='sed -n -e '\''s/^: \([^ ]*\) $/  {\"\1\", (void *) 0},/p'\'' -e '\''s/^[ABCDGIRSTW]* \([^ ]*\) \([^ ]*\)$/  {"\2", (void *) \&\2},/p'\'''
lt_cv_sys_global_symbol_to_c_name_address_lib_prefix='sed -n -e '\''s/^: \([^ ]*\) $/  {\"\1\", (void *) 0},/p'\'' -e '\''s/^[ABCDGIRSTW]* \([^ ]*\) \(lib[^ ]*\)$/  {"\2", (void *) \&\2},/p'\'' -e '\''s/^[ABCDGIRSTW]* \([^ ]*\) \([^ ]*\)$/  {"lib\2", (void *) \&\2},/p'\'''
lt_cv_sys_global_symbol_to_cdecl='sed -n -e '\''s/^T .* \(.*\)$/extern int \1();/p'\'' -e '\''s/^[ABCDGIRSTW]* .* \(.*\)$/extern char \1;/p'\'''
lt_cv_sys_max_cmd_len=3458764513820540925

## ----------------- ##
## Output variables. ##
## ----------------- ##

ACLOCAL='${SHELL} /home/kb/project/hddG/csm1201/Work/GoldBox/open_sources/DirectFB-1.0.0/missing --run aclocal-1.10 '
AMDEPBACKSLASH='\'
AMDEP_FALSE='#'
AMDEP_TRUE=''
AMTAR='${SHELL} /home/kb/project/hddG/csm1201/Work/GoldBox/open_sources/DirectFB-1.0.0/missing --run tar'
AR='arm-linux-ar'
AS=''
ASFLAGS=''
AUTOCONF='${SHELL} /home/kb/project/hddG/csm1201/Work/GoldBox/open_sources/DirectFB-1.0.0/missing --run autoconf'
AUTOHEADER='${SHELL} /home/kb/project/hddG/csm1201/Work/GoldBox/open_sources/DirectFB-1.0.0/missing --run autoheader'
AUTOMAKE='${SHELL} /home/kb/project/hddG/csm1201/Work/GoldBox/open_sources/DirectFB-1.0.0/missing --run automake-1.10'
AWK='mawk'
BUILDMMX_FALSE=''
BUILDMMX_TRUE='#'
BUILDPPCASM_FALSE=''
BUILDPPCASM_TRUE='#'
BUILD_DIRECTFB_CSOURCE_FALSE='#'
BUILD_DIRECTFB_CSOURCE_TRUE=''
BUILD_SHARED_FALSE='#'
BUILD_SHARED_TRUE=''
BUILD_STATIC_FALSE=''
BUILD_STATIC_TRUE='#'
BUILD_TESTS_FALSE=''
BUILD_TESTS_TRUE='#'
BUILD_TOOLS_FALSE='#'
BUILD_TOOLS_TRUE=''
CC='arm-linux-gcc'
CCAS='arm-linux-gcc'
CCASDEPMODE='depmode=gcc3'
CCASFLAGS='-I/home/kb/project/hddG/csm1201/Work/GoldBox/open_sources/inc'
CCDEPMODE='depmode=gcc3'
CFLAGS='-O3 -ffast-math -pipe -I/home/kb/project/hddG/csm1201/Work/GoldBox/open_sources/inc -D_GNU_SOURCE  -Werror-implicit-function-declaration'
CPP='arm-linux-gcc -E'
CPPFLAGS='-D_REENTRANT '
CROSS_COMPILING_FALSE='#'
CROSS_COMPILING_TRUE=''
CYGPATH_W='echo'
DATADIR='/share/directfb-1.0.0'
DBOX2REMOTE_FALSE=''
DBOX2REMOTE_TRUE='#'
DEFS='-DHAVE_CONFIG_H'
DEPDIR='.deps'
DFB_CFLAGS_OMIT_FRAME_POINTER='-fomit-frame-pointer'
DFB_INTERNAL_CFLAGS='-D_GNU_SOURCE '
DFB_LDFLAGS='-L/home/kb/project/hddG/csm1201/Work/GoldBox/open_sources/libs -lz'
DIRECTFB_BINARY_AGE='0'
DIRECTFB_CSOURCE=''
DIRECTFB_INTERFACE_AGE='0'
DIRECTFB_MAJOR_VERSION='1'
DIRECTFB_MICRO_VERSION='0'
DIRECTFB_MINOR_VERSION='0'
DIRECTFB_VERSION='1.0.0'
DIRECT_BUILD_DEBUG='0'
DIRECT_BUILD_DEBUGS='1'
DIRECT_BUILD_GETTID='1'
DIRECT_BUILD_NETWORK='1'
DIRECT_BUILD_STDBOOL='1'
DIRECT_BUILD_TEXT='1'
DIRECT_BUILD_TRACE='0'
DREAMBOXREMOTE_FALSE=''
DREAMBOXREMOTE_TRUE='#'
DSYMUTIL=''
DUMPBIN=''
DYNAPRO_INPUT_FALSE=''
DYNAPRO_INPUT_TRUE='#'
DYNLIB='-ldl'
ECHO_C=''
ECHO_N='-n'
ECHO_T=''
EGREP='/bin/grep -E'
ELO_INPUT_FALSE=''
ELO_INPUT_TRUE='#'
ENABLE_DEBUGS_FALSE='#'
ENABLE_DEBUGS_TRUE=''
ENABLE_DEBUG_FALSE=''
ENABLE_DEBUG_TRUE='#'
ENABLE_MULTI_FALSE=''
ENABLE_MULTI_TRUE='#'
ENABLE_TRACE_FALSE=''
ENABLE_TRACE_TRUE='#'
ENABLE_UNIQUE_FALSE=''
ENABLE_UNIQUE_TRUE='#'
ENABLE_VOODOO_FALSE=''
ENABLE_VOODOO_TRUE='#'
EXEEXT=''
FBDEV_CORE_FALSE='#'
FBDEV_CORE_TRUE=''
FGREP='/bin/grep -F'
FREETYPE_CFLAGS='-I/usr/include/freetype2'
FREETYPE_CONFIG='/usr/bin/freetype-config'
FREETYPE_LIBS='-lfreetype -lz'
FREETYPE_PROVIDER=''
FREETYPE_PROVIDER_FALSE='#'
FREETYPE_PROVIDER_TRUE=''
FUSION_BUILD_MULTI='0'
FUSION_MESSAGE_SIZE='1024'
GFX_ATI_FALSE=''
GFX_ATI_TRUE='#'
GFX_CLE266_FALSE=''
GFX_CLE266_TRUE='#'
GFX_CYBER5K_FALSE=''
GFX_CYBER5K_TRUE='#'
GFX_I810_FALSE=''
GFX_I810_TRUE='#'
GFX_I830_FALSE=''
GFX_I830_TRUE='#'
GFX_MACH64_FALSE=''
GFX_MACH64_TRUE='#'
GFX_MATROX_FALSE=''
GFX_MATROX_TRUE='#'
GFX_NEOMAGIC_FALSE=''
GFX_NEOMAGIC_TRUE='#'
GFX_NSC_FALSE=''
GFX_NSC_TRUE='#'
GFX_NVIDIA_FALSE=''
GFX_NVIDIA_TRUE='#'
GFX_ORION_FALSE='#'
GFX_ORION_TRUE=''
GFX_RADEON_FALSE=''
GFX_RADEON_TRUE='#'
GFX_SAVAGE_FALSE=''
GFX_SAVAGE_TRUE='#'
GFX_SIS315_FALSE=''
GFX_SIS315_TRUE='#'
GFX_TDFX_FALSE=''
GFX_TDFX_TRUE='#'
GFX_UNICHROME_FALSE=''
GFX_UNICHROME_TRUE='#'
GIF_PROVIDER=''
GIF_PROVIDER_FALSE='#'
GIF_PROVIDER_TRUE=''
GREP='/bin/grep'
GUNZE_INPUT_FALSE=''
GUNZE_INPUT_TRUE='#'
H3600_TS_FALSE=''
H3600_TS_TRUE='#'
HAVE_LINUX=''
HAVE_LINUX_FALSE='#'
HAVE_LINUX_TRUE=''
HAVE_MAN2HTML_FALSE=''
HAVE_MAN2HTML_TRUE='#'
INCLUDEDIR='/include/directfb'
INSTALL_DATA='${INSTALL} -m 644'
INSTALL_PROGRAM='${INSTALL}'
INSTALL_SCRIPT='${INSTALL}'
INSTALL_STRIP_PROGRAM='$(install_sh) -c -s'
INTERNALINCLUDEDIR='/include/directfb-internal'
JOYSTICK_INPUT_FALSE=''
JOYSTICK_INPUT_TRUE='#'
JPEG_PROVIDER=''
JPEG_PROVIDER_FALSE='#'
JPEG_PROVIDER_TRUE=''
KEYBOARD_INPUT_FALSE=''
KEYBOARD_INPUT_TRUE='#'
LD='/opt/crosstool/gcc-3.4.6-glibc-2.3.6/arm-linux/arm-linux/bin/ld'
LDFLAGS='-L/home/kb/project/hddG/csm1201/Work/GoldBox/open_sources/libs'
LIBJPEG='-ljpeg'
LIBOBJS=''
LIBPNG='-lpng -lz -lm'
LIBPNG_CONFIG='no'
LIBS='-ldl -lpthread '
LIBTOOL='$(SHELL) $(top_builddir)/libtool'
LINUX_INPUT_FALSE='#'
LINUX_INPUT_TRUE=''
LIPO=''
LIRC_INPUT_FALSE=''
LIRC_INPUT_TRUE='#'
LN_S='ln -s'
LTLIBOBJS=''
LT_AGE='0'
LT_CURRENT='0'
LT_RELEASE='1.0'
LT_REVISION='0'
MAINT=''
MAINTAINER_MODE_FALSE='#'
MAINTAINER_MODE_TRUE=''
MAKEINFO='${SHELL} /home/kb/project/hddG/csm1201/Work/GoldBox/open_sources/DirectFB-1.0.0/missing --run makeinfo'
MAN2HTML='no'
MKDIR_P='/bin/mkdir -p'
MODULEDIR='/lib/directfb-1.0-0'
MODULEDIRNAME='directfb-1.0-0'
MUTOUCH_TS_FALSE=''
MUTOUCH_TS_TRUE='#'
NM='/opt/crosstool/gcc-3.4.6-glibc-2.3.6/arm-linux/bin/arm-linux-nm -B'
NMEDIT=''
OBJDUMP='arm-linux-objdump'
OBJEXT='o'
OSX_CORE_FALSE=''
OSX_CORE_TRUE='#'
OSX_LIBS=''
OTOOL64=''
OTOOL=''
PACKAGE='DirectFB'
PACKAGE_BUGREPORT=''
PACKAGE_NAME=''
PACKAGE_STRING=''
PACKAGE_TARNAME=''
PACKAGE_VERSION=''
PATH_SEPARATOR=':'
PENMOUNT_TS_FALSE=''
PENMOUNT_TS_TRUE='#'
PERL='/usr/bin/perl'
PKG_CONFIG=''
PNG_PROVIDER=''
PNG_PROVIDER_FALSE='#'
PNG_PROVIDER_TRUE=''
PS2MOUSE_INPUT_FALSE=''
PS2MOUSE_INPUT_TRUE='#'
RANLIB='arm-linux-ranlib'
RUNTIME_SYSROOT=''
SDL_CFLAGS=''
SDL_CONFIG=''
SDL_CORE_FALSE=''
SDL_CORE_TRUE='#'
SDL_LIBS=''
SED='/bin/sed'
SERIAL_MOUSE_INPUT_FALSE=''
SERIAL_MOUSE_INPUT_TRUE='#'
SET_MAKE=''
SHELL='/bin/bash'
SONYPI_FALSE=''
SONYPI_TRUE='#'
SOPATH='/lib/libdirectfb-1.0.so.0'
STRIP='arm-linux-strip'
SYSFS_LIBS=''
THREADFLAGS='-D_REENTRANT'
THREADLIB='-lpthread'
TSLIB_CFLAGS=''
TSLIB_FALSE=''
TSLIB_LIBS=''
TSLIB_TRUE='#'
UCB1X00_TS_FALSE=''
UCB1X00_TS_TRUE='#'
V4L_PROVIDER_FALSE=''
V4L_PROVIDER_TRUE='#'
VERSION='1.0.0'
VNC_CFLAGS=''
VNC_CONFIG='no'
VNC_CORE_FALSE=''
VNC_CORE_TRUE='#'
VNC_LIBS=''
WM97XX_TS_FALSE=''
WM97XX_TS_TRUE='#'
X11_CFLAGS=''
X11_CORE_FALSE=''
X11_CORE_TRUE='#'
X11_LIBS=''
ZLIB_LIBS='-lz'
ac_ct_CC=''
ac_ct_DUMPBIN=''
am__fastdepCCAS_FALSE='#'
am__fastdepCCAS_TRUE=''
am__fastdepCC_FALSE='#'
am__fastdepCC_TRUE=''
am__include='include'
am__isrc=''
am__leading_dot='.'
am__quote=''
am__tar='${AMTAR} chof - "$$tardir"'
am__untar='${AMTAR} xf -'
bindir='/bin'
build='x86_64-unknown-linux-gnu'
build_alias=''
build_cpu='x86_64'
build_os='linux-gnu'
build_vendor='unknown'
datadir='/share'
datarootdir='${prefix}/share'
docdir='${datarootdir}/doc/${PACKAGE}'
dvidir='${docdir}'
exec_prefix='/'
host='arm-unknown-linux-gnu'
host_alias='arm-linux'
host_cpu='arm'
host_os='linux-gnu'
host_vendor='unknown'
htmldir='${docdir}'
includedir='/include'
infodir='/usr/info'
install_sh='$(SHELL) /home/kb/project/hddG/csm1201/Work/GoldBox/open_sources/DirectFB-1.0.0/install-sh'
libdir='/lib'
libexecdir='/lib'
localedir='${datarootdir}/locale'
localstatedir='/var'
lt_ECHO='echo'
mandir='/man'
mkdir_p='/bin/mkdir -p'
oldincludedir='/usr/include'
pdfdir='${docdir}'
prefix='/'
program_transform_name='s&^&arm-linux-&'
psdir='${docdir}'
sbindir='/sbin'
sharedstatedir='${prefix}/com'
sysconfdir='/etc'
target='arm-unknown-linux-gnu'
target_alias='arm-linux'
target_cpu='arm'
target_os='linux-gnu'
target_vendor='unknown'

## ----------- ##
## confdefs.h. ##
## ----------- ##

#define PACKAGE_NAME ""
#define PACKAGE_TARNAME ""
#define PACKAGE_VERSION ""
#define PACKAGE_STRING ""
#define PACKAGE_BUGREPORT ""
#define DIRECTFB_VERSION "1.0.0"
#define STDC_HEADERS 1
#define HAVE_SYS_TYPES_H 1
#define HAVE_SYS_STAT_H 1
#define HAVE_STDLIB_H 1
#define HAVE_STRING_H 1
#define HAVE_MEMORY_H 1
#define HAVE_STRINGS_H 1
#define HAVE_INTTYPES_H 1
#define HAVE_STDINT_H 1
#define HAVE_UNISTD_H 1
#define HAVE_DLFCN_H 1
#define LT_OBJDIR ".libs/"
#define STDC_HEADERS 1
#define SIZEOF_INT 4
#define SIZEOF_LONG 4
#define SIZEOF_LONG_LONG 8
#define HAVE_LINUX_COMPILER_H 1
#define HAVE_LINUX_UNISTD_H 1
#define HAVE_ASM_PAGE_H 1
#define HAVE_LIBPTHREAD 1
#define HAVE_DECL_PTHREAD_MUTEX_RECURSIVE 1
#define HAVE_DECL_PTHREAD_RECURSIVE_MUTEX_INITIALIZER_NP 1
#define HAVE_LIBDL 1
#define USE_ZLIB 1
#define HAVE_INPUT_ABSINFO 1

configure: exit 0
